[0107/115251.064:WARNING:angle_platform_impl.cc(52)] compileToBinary(230): 
C:\fakepath(77,10-42): warning X3571: pow(f, e) will not work for negative f, use abs(f) or conditionally handle negative values if you expect them
C:\fakepath(99,10-42): warning X3571: pow(f, e) will not work for negative f, use abs(f) or conditionally handle negative values if you expect them

[0107/120458.860:INFO:CONSOLE(1)] "Long rAF frame-time", source: file:///C:/Program%20Files/Adobe/Adobe%20Photoshop%202020/Required/www-rich-tooltips/build/external.js (1)
[0107/120459.088:ERROR:mf_helpers.cc(14)] Error in dxva_video_decode_accelerator_win.cc on line 1612
[0107/120459.088:ERROR:mf_helpers.cc(14)] Error in dxva_video_decode_accelerator_win.cc on line 842
[0107/120459.164:WARNING:angle_platform_impl.cc(52)] compileToBinary(230): 
C:\fakepath(69,8-58): warning X3571: pow(f, e) will not work for negative f, use abs(f) or conditionally handle negative values if you expect them
C:\fakepath(77,9-43): warning X3571: pow(f, e) will not work for negative f, use abs(f) or conditionally handle negative values if you expect them

[0107/120841.768:ERROR:mf_helpers.cc(14)] Error in dxva_video_decode_accelerator_win.cc on line 1612
[0107/120841.768:ERROR:mf_helpers.cc(14)] Error in dxva_video_decode_accelerator_win.cc on line 842
[0107/120843.343:ERROR:mf_helpers.cc(14)] Error in dxva_video_decode_accelerator_win.cc on line 1612
[0107/120843.343:ERROR:mf_helpers.cc(14)] Error in dxva_video_decode_accelerator_win.cc on line 842
[0107/120843.634:ERROR:mf_helpers.cc(14)] Error in dxva_video_decode_accelerator_win.cc on line 1612
[0107/120843.634:ERROR:mf_helpers.cc(14)] Error in dxva_video_decode_accelerator_win.cc on line 842
[0107/120843.944:ERROR:mf_helpers.cc(14)] Error in dxva_video_decode_accelerator_win.cc on line 1612
[0107/120843.944:ERROR:mf_helpers.cc(14)] Error in dxva_video_decode_accelerator_win.cc on line 842
[0107/120844.259:ERROR:mf_helpers.cc(14)] Error in dxva_video_decode_accelerator_win.cc on line 1612
[0107/120844.259:ERROR:mf_helpers.cc(14)] Error in dxva_video_decode_accelerator_win.cc on line 842
[0107/122820.789:ERROR:mf_helpers.cc(14)] Error in dxva_video_decode_accelerator_win.cc on line 1612
[0107/122820.792:ERROR:mf_helpers.cc(14)] Error in dxva_video_decode_accelerator_win.cc on line 842
[0107/140614.861:ERROR:media_internals.cc(112)] Cannot get RenderProcessHost
[0107/180222.323:INFO:CONSOLE(1)] "Long rAF frame-time", source: file:///C:/Program%20Files/Adobe/Adobe%20Photoshop%202020/Required/www-learn/build/external.js (1)
[0107/180742.165:INFO:CONSOLE(1)] "Long rAF frame-time", source: file:///C:/Program%20Files/Adobe/Adobe%20Photoshop%202020/Required/www-rich-tooltips/build/external.js (1)
[0107/180742.194:ERROR:mf_helpers.cc(14)] Error in dxva_video_decode_accelerator_win.cc on line 1612
[0107/180742.194:ERROR:mf_helpers.cc(14)] Error in dxva_video_decode_accelerator_win.cc on line 842
[0107/180742.271:WARNING:angle_platform_impl.cc(52)] compileToBinary(230): 
C:\fakepath(69,8-58): warning X3571: pow(f, e) will not work for negative f, use abs(f) or conditionally handle negative values if you expect them
C:\fakepath(77,9-43): warning X3571: pow(f, e) will not work for negative f, use abs(f) or conditionally handle negative values if you expect them

[0107/182318.699:ERROR:mf_helpers.cc(14)] Error in dxva_video_decode_accelerator_win.cc on line 1612
[0107/182318.700:ERROR:mf_helpers.cc(14)] Error in dxva_video_decode_accelerator_win.cc on line 842
[0107/211127.785:ERROR:mf_helpers.cc(14)] Error in dxva_video_decode_accelerator_win.cc on line 1612
[0107/211127.788:ERROR:mf_helpers.cc(14)] Error in dxva_video_decode_accelerator_win.cc on line 842
[0107/222853.662:ERROR:mf_helpers.cc(14)] Error in dxva_video_decode_accelerator_win.cc on line 1612
[0107/222853.665:ERROR:mf_helpers.cc(14)] Error in dxva_video_decode_accelerator_win.cc on line 842
[0107/222903.207:ERROR:mf_helpers.cc(14)] Error in dxva_video_decode_accelerator_win.cc on line 1612
[0107/222903.207:ERROR:mf_helpers.cc(14)] Error in dxva_video_decode_accelerator_win.cc on line 842
[0107/222916.930:ERROR:mf_helpers.cc(14)] Error in dxva_video_decode_accelerator_win.cc on line 1612
[0107/222916.930:ERROR:mf_helpers.cc(14)] Error in dxva_video_decode_accelerator_win.cc on line 842
[0107/222917.241:ERROR:mf_helpers.cc(14)] Error in dxva_video_decode_accelerator_win.cc on line 1612
[0107/222917.241:ERROR:mf_helpers.cc(14)] Error in dxva_video_decode_accelerator_win.cc on line 842
[0107/222917.551:ERROR:mf_helpers.cc(14)] Error in dxva_video_decode_accelerator_win.cc on line 1612
[0107/222917.552:ERROR:mf_helpers.cc(14)] Error in dxva_video_decode_accelerator_win.cc on line 842
[0107/223756.325:ERROR:media_internals.cc(112)] Cannot get RenderProcessHost
[0108/112037.323:INFO:CONSOLE(1)] "Long rAF frame-time", source: file:///C:/Program%20Files/Adobe/Adobe%20Photoshop%202020/Required/www-learn/build/external.js (1)
[0108/123613.530:INFO:CONSOLE(1)] "Long rAF frame-time", source: file:///C:/Program%20Files/Adobe/Adobe%20Photoshop%202020/Required/www-rich-tooltips/build/external.js (1)
[0108/123613.849:ERROR:mf_helpers.cc(14)] Error in dxva_video_decode_accelerator_win.cc on line 1612
[0108/123613.850:ERROR:mf_helpers.cc(14)] Error in dxva_video_decode_accelerator_win.cc on line 842
[0108/123614.054:WARNING:angle_platform_impl.cc(52)] compileToBinary(230): 
C:\fakepath(69,8-58): warning X3571: pow(f, e) will not work for negative f, use abs(f) or conditionally handle negative values if you expect them
C:\fakepath(77,9-43): warning X3571: pow(f, e) will not work for negative f, use abs(f) or conditionally handle negative values if you expect them

